c:\users\pg17vitor\desktop\c++\missilegame\outgame\vc141.pdb
c:\users\pg17vitor\desktop\c++\missilegame\outgame\vc141.idb
c:\users\pg17vitor\desktop\c++\missilegame\outgame\random.obj
c:\users\pg17vitor\desktop\c++\missilegame\outgame\missilehoming.obj
c:\users\pg17vitor\desktop\c++\missilegame\outgame\missileenemy.obj
c:\users\pg17vitor\desktop\c++\missilegame\outgame\main.obj
c:\users\pg17vitor\desktop\c++\missilegame\outgame\gameobject.obj
c:\users\pg17vitor\desktop\c++\missilegame\outgame\game.obj
c:\users\pg17vitor\desktop\c++\missilegame\outgame\explosion.obj
c:\users\pg17vitor\desktop\c++\missilegame\outgame\gameobjectmanager.obj
c:\users\pg17vitor\desktop\c++\missilegame\outgame\gameobjecthandle.obj
c:\users\pg17vitor\desktop\c++\statemachine\outgame\vc141.pdb
c:\users\pg17vitor\desktop\c++\statemachine\outgame\vc141.idb
c:\users\pg17vitor\desktop\c++\statemachine\outgame\trafficlight.obj
c:\users\pg17vitor\desktop\c++\statemachine\outgame\random.obj
c:\users\pg17vitor\desktop\c++\statemachine\outgame\main.obj
c:\users\pg17vitor\desktop\c++\statemachine\outgame\gameobjectmanager.obj
c:\users\pg17vitor\desktop\c++\statemachine\outgame\gameobjecthandle.obj
c:\users\pg17vitor\desktop\c++\statemachine\outgame\gameobject.obj
c:\users\pg17vitor\desktop\c++\statemachine\outgame\fsmstate.obj
c:\users\pg17vitor\desktop\c++\statemachine\outgame\fsm.obj
c:\users\pg17vitor\desktop\c++\statemachine\outgame\game.obj
c:\users\pg17vitor\desktop\c++\statemachine\outgame\fsmstate_trafficlightstop.obj
c:\users\pg17vitor\desktop\c++\statemachine\outgame\fsmstate_trafficlightgo.obj
c:\users\pg17vitor\desktop\c++\statemachine\outgame\fsmstate_trafficlightalert.obj
c:\users\pg17vitor\desktop\c++\missilegame\build\gameenginexd.exe
c:\users\pg17vitor\desktop\c++\missilegame\build\gameenginexd.ilk
c:\users\pg17vitor\desktop\c++\missilegame\build\gameenginexd.pdb
c:\users\pg17vitor\desktop\c++\statemachine\build\gameenginexd.exe
c:\users\pg17vitor\desktop\c++\statemachine\build\gameenginexd.ilk
c:\users\pg17vitor\desktop\c++\statemachine\build\gameenginexd.pdb
c:\users\pg17vitor\desktop\c++\statemachine\outgame\explosion.obj
c:\users\pg17vitor\desktop\c++\statemachine\outgame\missileenemy.obj
c:\users\pg17vitor\desktop\c++\statemachine\outgame\missilehoming.obj
c:\users\pg17vitor\desktop\c++\statemachine\outgame\gameobject.obj.enc
c:\users\pg17vitor\desktop\c++\statemachine\outgame\gameenginex.tlog\cl.command.1.tlog
c:\users\pg17vitor\desktop\c++\statemachine\outgame\gameenginex.tlog\cl.read.1.tlog
c:\users\pg17vitor\desktop\c++\statemachine\outgame\gameenginex.tlog\cl.write.1.tlog
c:\users\pg17vitor\desktop\c++\statemachine\outgame\gameenginex.tlog\link-cvtres.read.1.tlog
c:\users\pg17vitor\desktop\c++\statemachine\outgame\gameenginex.tlog\link-cvtres.write.1.tlog
c:\users\pg17vitor\desktop\c++\statemachine\outgame\gameenginex.tlog\link-rc.read.1.tlog
c:\users\pg17vitor\desktop\c++\statemachine\outgame\gameenginex.tlog\link-rc.write.1.tlog
c:\users\pg17vitor\desktop\c++\statemachine\outgame\gameenginex.tlog\link.54216-cvtres.read.1.tlog
c:\users\pg17vitor\desktop\c++\statemachine\outgame\gameenginex.tlog\link.54216-cvtres.write.1.tlog
c:\users\pg17vitor\desktop\c++\statemachine\outgame\gameenginex.tlog\link.54216-rc.read.1.tlog
c:\users\pg17vitor\desktop\c++\statemachine\outgame\gameenginex.tlog\link.54216-rc.write.1.tlog
c:\users\pg17vitor\desktop\c++\statemachine\outgame\gameenginex.tlog\link.54216.read.1.tlog
c:\users\pg17vitor\desktop\c++\statemachine\outgame\gameenginex.tlog\link.54216.write.1.tlog
c:\users\pg17vitor\desktop\c++\statemachine\outgame\gameenginex.tlog\link.command.1.tlog
c:\users\pg17vitor\desktop\c++\statemachine\outgame\gameenginex.tlog\link.read.1.tlog
c:\users\pg17vitor\desktop\c++\statemachine\outgame\gameenginex.tlog\link.write.1.tlog
